<?xml version='1.0' encoding='UTF-8'?>
<!DOCTYPE beans PUBLIC '-//SPRING//DTD BEAN//EN' 'http://www.springframework.org/dtd/spring-beans.dtd'>

<beans>

    <bean id="quickShareDefaultPropertiesTest" class="org.springframework.beans.factory.config.PropertiesFactoryBean">
        <property name="locations">
            <list>
                <value>classpath*:org/alfresco/repo/quickshare/test-quickshare-clients-config.properties</value>
            </list>
        </property>
    </bean>
    <!-- simulate the alfresco global properties bean -->
    <bean id="globalPropertiesTest" class="org.springframework.beans.factory.config.PropertiesFactoryBean">
        <property name="locations">
            <list>
                <value>classpath*:org/alfresco/repo/quickshare/test-global-properties.properties</value>
            </list>
        </property>
    </bean>

    <bean id="quickShareClientsConfigTest" class="org.alfresco.repo.quickshare.ClientAppConfig">
        <property name="defaultProperties" ref="quickShareDefaultPropertiesTest"/>
        <property name="globalProperties" ref="globalPropertiesTest"/>
    </bean>
</beans>